
*** Running vivado
    with args -log multi_compuerta.vds -m64 -product Vivado -mode batch -messageDb vivado.pb -notrace -source multi_compuerta.tcl


****** Vivado v2020.1 (64-bit)
  **** SW Build 2902540 on Wed May 27 19:54:35 MDT 2020
  **** IP Build 2902112 on Wed May 27 22:43:36 MDT 2020
    ** Copyright 1986-2020 Xilinx, Inc. All Rights Reserved.

source multi_compuerta.tcl -notrace
Command: synth_design -top multi_compuerta -part xc7a35tcpg236-1
Starting synth_design
Attempting to get a license for feature 'Synthesis' and/or device 'xc7a35t'
INFO: [Common 17-349] Got license for feature 'Synthesis' and/or device 'xc7a35t'
INFO: [Synth 8-7079] Multithreading enabled for synth_design using a maximum of 4 processes.
INFO: [Synth 8-7078] Launching helper process for spawning children vivado processes
INFO: [Synth 8-7075] Helper process launched with PID 13023
---------------------------------------------------------------------------------
Starting Synthesize : Time (s): cpu = 00:00:04 ; elapsed = 00:00:08 . Memory (MB): peak = 2298.887 ; gain = 0.000 ; free physical = 643 ; free virtual = 16063
---------------------------------------------------------------------------------
INFO: [Synth 8-6157] synthesizing module 'multi_compuerta' [/home/simon/Desktop/S/Arqui/project_1/project_1.srcs/sources_1/new/clase_1.v:3]
INFO: [Synth 8-6155] done synthesizing module 'multi_compuerta' (1#1) [/home/simon/Desktop/S/Arqui/project_1/project_1.srcs/sources_1/new/clase_1.v:3]
---------------------------------------------------------------------------------
Finished Synthesize : Time (s): cpu = 00:00:05 ; elapsed = 00:00:10 . Memory (MB): peak = 2298.887 ; gain = 0.000 ; free physical = 687 ; free virtual = 16108
---------------------------------------------------------------------------------
---------------------------------------------------------------------------------
Finished Constraint Validation : Time (s): cpu = 00:00:05 ; elapsed = 00:00:10 . Memory (MB): peak = 2298.887 ; gain = 0.000 ; free physical = 687 ; free virtual = 16108
---------------------------------------------------------------------------------
---------------------------------------------------------------------------------
Start Loading Part and Timing Information
---------------------------------------------------------------------------------
Loading part: xc7a35tcpg236-1
INFO: [Device 21-403] Loading part xc7a35tcpg236-1
---------------------------------------------------------------------------------
Finished Loading Part and Timing Information : Time (s): cpu = 00:00:05 ; elapsed = 00:00:10 . Memory (MB): peak = 2304.910 ; gain = 6.023 ; free physical = 708 ; free virtual = 16129
---------------------------------------------------------------------------------
---------------------------------------------------------------------------------
Finished RTL Optimization Phase 2 : Time (s): cpu = 00:00:05 ; elapsed = 00:00:10 . Memory (MB): peak = 2304.910 ; gain = 6.023 ; free physical = 708 ; free virtual = 16129
---------------------------------------------------------------------------------
No constraint files found.
---------------------------------------------------------------------------------
Start RTL Component Statistics 
---------------------------------------------------------------------------------
Detailed RTL Component Info : 
---------------------------------------------------------------------------------
Finished RTL Component Statistics 
---------------------------------------------------------------------------------
---------------------------------------------------------------------------------
Start Part Resource Summary
---------------------------------------------------------------------------------
Part Resources:
DSPs: 90 (col length:60)
BRAMs: 100 (col length: RAMB18 60 RAMB36 30)
---------------------------------------------------------------------------------
Finished Part Resource Summary
---------------------------------------------------------------------------------
No constraint files found.
---------------------------------------------------------------------------------
Start Cross Boundary and Area Optimization
---------------------------------------------------------------------------------
---------------------------------------------------------------------------------
Finished Cross Boundary and Area Optimization : Time (s): cpu = 00:00:09 ; elapsed = 00:00:19 . Memory (MB): peak = 2304.910 ; gain = 6.023 ; free physical = 577 ; free virtual = 16002
---------------------------------------------------------------------------------
No constraint files found.
---------------------------------------------------------------------------------
Start Timing Optimization
---------------------------------------------------------------------------------
---------------------------------------------------------------------------------
Finished Timing Optimization : Time (s): cpu = 00:00:10 ; elapsed = 00:00:20 . Memory (MB): peak = 2304.910 ; gain = 6.023 ; free physical = 576 ; free virtual = 16001
---------------------------------------------------------------------------------
---------------------------------------------------------------------------------
Start Technology Mapping
---------------------------------------------------------------------------------
---------------------------------------------------------------------------------
Finished Technology Mapping : Time (s): cpu = 00:00:10 ; elapsed = 00:00:20 . Memory (MB): peak = 2304.910 ; gain = 6.023 ; free physical = 561 ; free virtual = 15986
---------------------------------------------------------------------------------
---------------------------------------------------------------------------------
Start IO Insertion
---------------------------------------------------------------------------------
---------------------------------------------------------------------------------
Start Flattening Before IO Insertion
---------------------------------------------------------------------------------
---------------------------------------------------------------------------------
Finished Flattening Before IO Insertion
---------------------------------------------------------------------------------
---------------------------------------------------------------------------------
Start Final Netlist Cleanup
---------------------------------------------------------------------------------
---------------------------------------------------------------------------------
Finished Final Netlist Cleanup
---------------------------------------------------------------------------------
---------------------------------------------------------------------------------
Finished IO Insertion : Time (s): cpu = 00:00:12 ; elapsed = 00:00:22 . Memory (MB): peak = 2304.910 ; gain = 6.023 ; free physical = 573 ; free virtual = 15998
---------------------------------------------------------------------------------
---------------------------------------------------------------------------------
Start Renaming Generated Instances
---------------------------------------------------------------------------------
---------------------------------------------------------------------------------
Finished Renaming Generated Instances : Time (s): cpu = 00:00:12 ; elapsed = 00:00:22 . Memory (MB): peak = 2304.910 ; gain = 6.023 ; free physical = 573 ; free virtual = 15998
---------------------------------------------------------------------------------
---------------------------------------------------------------------------------
Start Rebuilding User Hierarchy
---------------------------------------------------------------------------------
---------------------------------------------------------------------------------
Finished Rebuilding User Hierarchy : Time (s): cpu = 00:00:12 ; elapsed = 00:00:22 . Memory (MB): peak = 2304.910 ; gain = 6.023 ; free physical = 573 ; free virtual = 15998
---------------------------------------------------------------------------------
---------------------------------------------------------------------------------
Start Renaming Generated Ports
---------------------------------------------------------------------------------
---------------------------------------------------------------------------------
Finished Renaming Generated Ports : Time (s): cpu = 00:00:12 ; elapsed = 00:00:22 . Memory (MB): peak = 2304.910 ; gain = 6.023 ; free physical = 573 ; free virtual = 15998
---------------------------------------------------------------------------------
---------------------------------------------------------------------------------
Start Handling Custom Attributes
---------------------------------------------------------------------------------
---------------------------------------------------------------------------------
Finished Handling Custom Attributes : Time (s): cpu = 00:00:12 ; elapsed = 00:00:22 . Memory (MB): peak = 2304.910 ; gain = 6.023 ; free physical = 573 ; free virtual = 15998
---------------------------------------------------------------------------------
---------------------------------------------------------------------------------
Start Renaming Generated Nets
---------------------------------------------------------------------------------
---------------------------------------------------------------------------------
Finished Renaming Generated Nets : Time (s): cpu = 00:00:12 ; elapsed = 00:00:22 . Memory (MB): peak = 2304.910 ; gain = 6.023 ; free physical = 573 ; free virtual = 15998
---------------------------------------------------------------------------------
---------------------------------------------------------------------------------
Start Writing Synthesis Report
---------------------------------------------------------------------------------

Report BlackBoxes: 
+-+--------------+----------+
| |BlackBox name |Instances |
+-+--------------+----------+
+-+--------------+----------+

Report Cell Usage: 
+------+-----+------+
|      |Cell |Count |
+------+-----+------+
|1     |LUT2 |     1|
|2     |LUT4 |     1|
|3     |IBUF |     4|
|4     |OBUF |     2|
+------+-----+------+

Report Instance Areas: 
+------+---------+-------+------+
|      |Instance |Module |Cells |
+------+---------+-------+------+
|1     |top      |       |     8|
+------+---------+-------+------+
---------------------------------------------------------------------------------
Finished Writing Synthesis Report : Time (s): cpu = 00:00:12 ; elapsed = 00:00:22 . Memory (MB): peak = 2304.910 ; gain = 6.023 ; free physical = 573 ; free virtual = 15998
---------------------------------------------------------------------------------
Synthesis finished with 0 errors, 0 critical warnings and 0 warnings.
Synthesis Optimization Runtime : Time (s): cpu = 00:00:12 ; elapsed = 00:00:22 . Memory (MB): peak = 2304.910 ; gain = 6.023 ; free physical = 583 ; free virtual = 16008
Synthesis Optimization Complete : Time (s): cpu = 00:00:12 ; elapsed = 00:00:22 . Memory (MB): peak = 2304.918 ; gain = 6.023 ; free physical = 583 ; free virtual = 16008
INFO: [Project 1-571] Translating synthesized netlist
Netlist sorting complete. Time (s): cpu = 00:00:00 ; elapsed = 00:00:00 . Memory (MB): peak = 2304.918 ; gain = 0.000 ; free physical = 650 ; free virtual = 16075
INFO: [Project 1-570] Preparing netlist for logic optimization
INFO: [Opt 31-138] Pushed 0 inverter(s) to 0 load pin(s).
Netlist sorting complete. Time (s): cpu = 00:00:00 ; elapsed = 00:00:00 . Memory (MB): peak = 2360.938 ; gain = 0.000 ; free physical = 557 ; free virtual = 15982
INFO: [Project 1-111] Unisim Transformation Summary:
No Unisim elements were transformed.

INFO: [Common 17-83] Releasing license: Synthesis
12 Infos, 0 Warnings, 0 Critical Warnings and 0 Errors encountered.
synth_design completed successfully
synth_design: Time (s): cpu = 00:00:19 ; elapsed = 00:00:25 . Memory (MB): peak = 2360.938 ; gain = 62.051 ; free physical = 656 ; free virtual = 16081
INFO: [Common 17-1381] The checkpoint '/home/simon/Desktop/S/Arqui/project_1/project_1.runs/synth_1/multi_compuerta.dcp' has been generated.
INFO: [runtcl-4] Executing : report_utilization -file multi_compuerta_utilization_synth.rpt -pb multi_compuerta_utilization_synth.pb
INFO: [Common 17-206] Exiting Vivado at Wed Aug 20 11:23:11 2025...
